[CHECK] All 2 positions stable.

======================================================================
POLYMARKET SCANNER - 2026-03-23 22:27 UTC
======================================================================

Phase 1: Survival | Equity: $6.55 | Cash: $0.56
Open positions: 2/6

Fetching active markets...
Found 222 tradeable markets
Categories: {'other': 69, 'sports': 65, 'geopolitics': 41, 'politics': 23, 'crypto': 18, 'esports': 3, 'finance': 2, 'entertainment': 1}

Running strategies...
Raw signals found: 43
Actionable signals: 0
======================================================================
POLYMARKET PAPER TRADING - PORTFOLIO SUMMARY
======================================================================
Phase: 1 - Survival (Conservative. Penny picking + high-conviction valu)
Cash:           $      0.56
Positions:               2

  Open Positions:
  🟢 Thunder vs. 76ers
     YES @ 0.910 → 0.915 | $4.53 (+0.6%) | PENNY_PICK
  🔴 Raptors vs. Jazz
     YES @ 0.869 → 0.805 | $1.46 (-7.4%) | PENNY_PICK

Equity:         $      6.55
Unrealized P&L: $     -0.09
Realized P&L:   $    -23.36
Total P&L:      $    -23.45
Return:             -78.2%
Fees Paid:      $      0.00
Win Rate:       2/11 (18%)
Max Drawdown:        77.8%
Peak Equity:    $     30.00
======================================================================
[DASHBOARD] Exported to /home/runner/work/poly/poly/polymarket_trader/dashboard_data.json
[DASHBOARD] Equity: $6.55 | Return: -78.2%
