[CHECK] No open positions.

======================================================================
POLYMARKET SCANNER - 2026-03-23 09:34 UTC
======================================================================

Phase 1: Survival | Equity: $30.00 | Cash: $30.00
Open positions: 0/6

Fetching active markets...
Found 187 tradeable markets
Categories: {'other': 66, 'sports': 39, 'geopolitics': 32, 'politics': 22, 'crypto': 19, 'esports': 5, 'finance': 2, 'entertainment': 2}

Running strategies...
Raw signals found: 42
Actionable signals: 6

──────────────────────────────────────────────────────────────────────
TOP SIGNALS:
──────────────────────────────────────────────────────────────────────

  #1 [PENNY_PICK] Bucks vs. Clippers
      NO @ 0.865 | Edge: 8.1% | Conf: 68% | Score: 0.1105
      Category: other | Liq: $118,788 | Vol24h: $47,815
      Suggested size: $4.50
      Near-resolved NO at 0.865. Est. edge 8.1% (gap: 13.5%). 0.6d left.

  #2 [PENNY_PICK] Pacers vs. Magic
      NO @ 0.875 | Edge: 7.5% | Conf: 69% | Score: 0.1040
      Category: other | Liq: $110,454 | Vol24h: $93,005
      Suggested size: $4.50
      Near-resolved NO at 0.875. Est. edge 7.5% (gap: 12.5%). 0.1d left.

  #3 [PENNY_PICK] Grizzlies vs. Hawks
      NO @ 0.875 | Edge: 7.5% | Conf: 69% | Score: 0.1039
      Category: other | Liq: $164,038 | Vol24h: $90,057
      Suggested size: $4.50
      Near-resolved NO at 0.875. Est. edge 7.5% (gap: 12.5%). 0.1d left.

  #4 [PENNY_PICK] Thunder vs. 76ers
      YES @ 0.905 | Edge: 5.7% | Conf: 73% | Score: 0.0837
      Category: other | Liq: $184,453 | Vol24h: $258,181
      Suggested size: $4.50
      Near-resolved YES at 0.905. Est. edge 5.7% (gap: 9.5%). 0.1d left.

  #5 [PENNY_PICK] Nets vs. Trail Blazers
      NO @ 0.905 | Edge: 5.7% | Conf: 69% | Score: 0.0785
      Category: sports | Liq: $184,843 | Vol24h: $72,723
      Suggested size: $4.50
      Near-resolved NO at 0.905. Est. edge 5.7% (gap: 9.5%). 0.6d left.

  #6 [CALENDAR] Kharg Island no longer under Iranian control by March 31?
      NO @ 0.875 | Edge: 8.8% | Conf: 68% | Score: 0.0591
      Category: geopolitics | Liq: $236,409 | Vol24h: $425,357
      Suggested size: $4.50
      Time decay play. YES at 0.125 with 7d left. Collect ~12.5¢ if nothing happens.

──────────────────────────────────────────────────────────────────────
EXECUTING TRADES:
──────────────────────────────────────────────────────────────────────
[TRADE] OPEN NO | Bucks vs. Clippers
        Price: 0.869 | Shares: 5.2 | Cost: $4.50
        Strategy: PENNY_PICK | Edge: 8.1% | Cash left: $25.50
[TRADE] OPEN NO | Pacers vs. Magic
        Price: 0.879 | Shares: 5.1 | Cost: $4.50
        Strategy: PENNY_PICK | Edge: 7.5% | Cash left: $21.00
[TRADE] OPEN NO | Grizzlies vs. Hawks
        Price: 0.879 | Shares: 5.1 | Cost: $4.50
        Strategy: PENNY_PICK | Edge: 7.5% | Cash left: $16.50
[TRADE] OPEN YES | Thunder vs. 76ers
        Price: 0.910 | Shares: 4.9 | Cost: $4.50
        Strategy: PENNY_PICK | Edge: 5.7% | Cash left: $12.00
[TRADE] OPEN NO | Nets vs. Trail Blazers
        Price: 0.910 | Shares: 4.9 | Cost: $4.50
        Strategy: PENNY_PICK | Edge: 5.7% | Cash left: $7.50
[TRADE] OPEN NO | Kharg Island no longer under Iranian control by March 31?
        Price: 0.879 | Shares: 5.1 | Cost: $4.50
        Strategy: CALENDAR | Edge: 8.8% | Cash left: $3.00
======================================================================
POLYMARKET PAPER TRADING - PORTFOLIO SUMMARY
======================================================================
Phase: 1 - Survival (Conservative. Penny picking + high-conviction valu)
Cash:           $      3.00
Positions:               6

  Open Positions:
  🟢 Bucks vs. Clippers
     NO @ 0.869 → 0.869 | $4.50 (+0.0%) | PENNY_PICK
  🟢 Pacers vs. Magic
     NO @ 0.879 → 0.879 | $4.50 (+0.0%) | PENNY_PICK
  🟢 Grizzlies vs. Hawks
     NO @ 0.879 → 0.879 | $4.50 (+0.0%) | PENNY_PICK
  🟢 Thunder vs. 76ers
     YES @ 0.910 → 0.910 | $4.50 (+0.0%) | PENNY_PICK
  🟢 Nets vs. Trail Blazers
     NO @ 0.910 → 0.910 | $4.50 (+0.0%) | PENNY_PICK
  🟢 Kharg Island no longer under Iranian control by Ma
     NO @ 0.879 → 0.879 | $4.50 (+0.0%) | CALENDAR

Equity:         $     30.00
Unrealized P&L: $     +0.00
Realized P&L:   $     +0.00
Total P&L:      $     +0.00
Return:              +0.0%
Fees Paid:      $      0.00
Win Rate:       N/A (no closed trades)
Max Drawdown:         0.0%
Peak Equity:    $     30.00
======================================================================
[DASHBOARD] Exported to /home/runner/work/poly/poly/polymarket_trader/dashboard_data.json
[DASHBOARD] Equity: $30.00 | Return: +0.0%
