[TIME EXIT] Thunder vs. 76ers — -23.7h left, profit 5.0%
[TRADE] CLOSE YES | Thunder vs. 76ers
        Entry: 0.910 → Exit: 0.950
        P&L: $+0.20 (+4.5%) | Reason: time_exit_profit
        Cash: $5.26

[CHECK] Actions taken: 1
  → time_exit: 1627632

======================================================================
POLYMARKET SCANNER - 2026-03-23 23:41 UTC
======================================================================

Phase 1: Survival | Equity: $6.75 | Cash: $5.26
Open positions: 1/6

Fetching active markets...
Found 220 tradeable markets
Categories: {'other': 70, 'sports': 66, 'geopolitics': 41, 'politics': 24, 'crypto': 16, 'finance': 2, 'entertainment': 1}

Running strategies...
Raw signals found: 44
Actionable signals: 5

──────────────────────────────────────────────────────────────────────
TOP SIGNALS:
──────────────────────────────────────────────────────────────────────

  #1 [PENNY_PICK] Will Elon Musk post 400-419 tweets from March 17 to March 24
      NO @ 0.873 | Edge: 7.6% | Conf: 75% | Score: 0.0729
      Category: other | Liq: $26,392 | Vol24h: $274,098
      Suggested size: $1.01
      Near-resolved NO at 0.873. Est. edge 7.6% (gap: 12.7%). 0.1d left.

  #2 [CALENDAR] Will Crude Oil (CL) hit (HIGH) $110 by end of March?
      NO @ 0.871 | Edge: 9.1% | Conf: 66% | Score: 0.0478
      Category: other | Liq: $59,323 | Vol24h: $407,684
      Suggested size: $1.01
      Time decay play. YES at 0.130 with 7d left. Collect ~13.0¢ if nothing happens.

  #3 [CALENDAR] US escorts commercial ship through Hormuz by March 31?
      NO @ 0.895 | Edge: 7.3% | Conf: 74% | Score: 0.0446
      Category: other | Liq: $65,222 | Vol24h: $87,971
      Suggested size: $1.01
      Time decay play. YES at 0.105 with 7d left. Collect ~10.5¢ if nothing happens.

  #4 [PENNY_PICK] Will Bitcoin reach $80,000 in March?
      NO @ 0.890 | Edge: 6.6% | Conf: 74% | Score: 0.0427
      Category: crypto | Liq: $143,203 | Vol24h: $405,161
      Suggested size: $1.01
      Near-resolved NO at 0.890. Est. edge 6.6% (gap: 11.0%). 8.0d left.

  #5 [CALENDAR] Will the U.S. invade Iran by March 31?
      NO @ 0.865 | Edge: 9.5% | Conf: 64% | Score: 0.0409
      Category: geopolitics | Liq: $34,070 | Vol24h: $173,692
      Suggested size: $1.01
      Time decay play. YES at 0.136 with 7d left. Collect ~13.6¢ if nothing happens.

──────────────────────────────────────────────────────────────────────
EXECUTING TRADES:
──────────────────────────────────────────────────────────────────────
[TRADE] OPEN NO | Will Elon Musk post 400-419 tweets from March 17 to March 24
        Price: 0.877 | Shares: 1.2 | Cost: $1.01
        Strategy: PENNY_PICK | Edge: 7.6% | Cash left: $4.25
[TRADE] OPEN NO | Will Crude Oil (CL) hit (HIGH) $110 by end of March?
        Price: 0.875 | Shares: 1.2 | Cost: $1.01
        Strategy: CALENDAR | Edge: 9.1% | Cash left: $3.24
[TRADE] OPEN NO | US escorts commercial ship through Hormuz by March 31?
        Price: 0.899 | Shares: 1.1 | Cost: $1.01
        Strategy: CALENDAR | Edge: 7.3% | Cash left: $2.23
[TRADE] OPEN NO | Will Bitcoin reach $80,000 in March?
        Price: 0.894 | Shares: 1.1 | Cost: $1.01
        Strategy: PENNY_PICK | Edge: 6.6% | Cash left: $1.22
[TRADE] OPEN NO | Will the U.S. invade Iran by March 31?
        Price: 0.869 | Shares: 1.2 | Cost: $1.01
        Strategy: CALENDAR | Edge: 9.5% | Cash left: $0.21
======================================================================
POLYMARKET PAPER TRADING - PORTFOLIO SUMMARY
======================================================================
Phase: 1 - Survival (Conservative. Penny picking + high-conviction valu)
Cash:           $      0.21
Positions:               6

  Open Positions:
  🔴 Raptors vs. Jazz
     YES @ 0.869 → 0.815 | $1.48 (-6.2%) | PENNY_PICK
  🟢 Will Elon Musk post 400-419 tweets from March 17 t
     NO @ 0.877 → 0.877 | $1.01 (+0.0%) | PENNY_PICK
  🟢 Will Crude Oil (CL) hit (HIGH) $110 by end of Marc
     NO @ 0.875 → 0.875 | $1.01 (+0.0%) | CALENDAR
  🟢 US escorts commercial ship through Hormuz by March
     NO @ 0.899 → 0.899 | $1.01 (+0.0%) | CALENDAR
  🟢 Will Bitcoin reach $80,000 in March?
     NO @ 0.894 → 0.894 | $1.01 (+0.0%) | PENNY_PICK
  🟢 Will the U.S. invade Iran by March 31?
     NO @ 0.869 → 0.869 | $1.01 (+0.0%) | CALENDAR

Equity:         $      6.75
Unrealized P&L: $     -0.10
Realized P&L:   $    -23.16
Total P&L:      $    -23.25
Return:             -77.5%
Fees Paid:      $      0.00
Win Rate:       3/12 (25%)
Max Drawdown:        77.8%
Peak Equity:    $     30.00
======================================================================
[DASHBOARD] Exported to /home/runner/work/poly/poly/polymarket_trader/dashboard_data.json
[DASHBOARD] Equity: $6.75 | Return: -77.5%
