[CHECK] No open positions.

======================================================================
POLYMARKET SCANNER - 2026-04-05 12:27 UTC
======================================================================

Phase 1: Survival | Equity: $2.74 | Cash: $2.74
Open positions: 0/6

Fetching active markets...
Found 202 tradeable markets
Categories: {'sports': 77, 'other': 45, 'geopolitics': 29, 'politics': 25, 'crypto': 14, 'esports': 9, 'entertainment': 2, 'finance': 1}

Running strategies...
Raw signals found: 36
Actionable signals: 0
======================================================================
POLYMARKET PAPER TRADING - PORTFOLIO SUMMARY
======================================================================
Phase: 1 - Survival (Conservative. Penny picking + high-conviction valu)
Cash:           $      2.74
Positions:               0

Equity:         $      2.74
Unrealized P&L: $     +0.00
Realized P&L:   $    -27.26
Total P&L:      $    -27.26
Return:             -90.9%
Fees Paid:      $      0.01
Win Rate:       4/18 (22%)
Max Drawdown:        91.6%
Peak Equity:    $     30.00
======================================================================
[DASHBOARD] Exported to /home/runner/work/poly/poly/polymarket_trader/dashboard_data.json
[DASHBOARD] Equity: $2.74 | Return: -90.9%
