[CHECK] All 2 positions stable.

======================================================================
POLYMARKET SCANNER - 2026-03-23 18:45 UTC
======================================================================

Phase 1: Survival | Equity: $6.54 | Cash: $0.56
Open positions: 2/6

Fetching active markets...
Found 204 tradeable markets
Categories: {'other': 68, 'sports': 52, 'geopolitics': 38, 'politics': 19, 'crypto': 18, 'esports': 6, 'finance': 2, 'entertainment': 1}

Running strategies...
Raw signals found: 48
Actionable signals: 0
======================================================================
POLYMARKET PAPER TRADING - PORTFOLIO SUMMARY
======================================================================
Phase: 1 - Survival (Conservative. Penny picking + high-conviction valu)
Cash:           $      0.56
Positions:               2

  Open Positions:
  🔴 Thunder vs. 76ers
     YES @ 0.910 → 0.905 | $4.48 (-0.5%) | PENNY_PICK
  🔴 Raptors vs. Jazz
     YES @ 0.869 → 0.825 | $1.50 (-5.1%) | PENNY_PICK

Equity:         $      6.54
Unrealized P&L: $     -0.10
Realized P&L:   $    -23.36
Total P&L:      $    -23.46
Return:             -78.2%
Fees Paid:      $      0.00
Win Rate:       2/11 (18%)
Max Drawdown:        77.8%
Peak Equity:    $     30.00
======================================================================
[DASHBOARD] Exported to /home/runner/work/poly/poly/polymarket_trader/dashboard_data.json
[DASHBOARD] Equity: $6.54 | Return: -78.2%
