[CHECK] All 6 positions stable.

======================================================================
POLYMARKET SCANNER - 2026-03-24 00:00 UTC
======================================================================

Phase 1: Survival | Equity: $6.70 | Cash: $0.21
Open positions: 6/6

Fetching active markets...
Found 227 tradeable markets
Categories: {'sports': 71, 'other': 70, 'geopolitics': 41, 'politics': 25, 'crypto': 17, 'finance': 2, 'entertainment': 1}
[STOP LOSS] Triggered for 1542968
[TRADE] CLOSE NO | Will Elon Musk post 400-419 tweets from March 17 to March 24
        Entry: 0.877 → Exit: 0.115
        P&L: $-0.88 (-86.8%) | Reason: stop_loss
        Cash: $0.35
[STOP LOSS] Triggered for 1467765
[TRADE] CLOSE NO | Will Crude Oil (CL) hit (HIGH) $110 by end of March?
        Entry: 0.875 → Exit: 0.134
        P&L: $-0.85 (-84.6%) | Reason: stop_loss
        Cash: $0.50
[STOP LOSS] Triggered for 1554932
[TRADE] CLOSE NO | US escorts commercial ship through Hormuz by March 31?
        Entry: 0.899 → Exit: 0.104
        P&L: $-0.89 (-88.4%) | Reason: stop_loss
        Cash: $0.62
[STOP LOSS] Triggered for 1473066
[TRADE] CLOSE NO | Will Bitcoin reach $80,000 in March?
        Entry: 0.894 → Exit: 0.114
        P&L: $-0.88 (-87.2%) | Reason: stop_loss
        Cash: $0.75
[STOP LOSS] Triggered for 1394368
[TRADE] CLOSE NO | Will the U.S. invade Iran by March 31?
        Entry: 0.869 → Exit: 0.153
        P&L: $-0.83 (-82.4%) | Reason: stop_loss
        Cash: $0.93

Running strategies...
Raw signals found: 43
Actionable signals: 0
======================================================================
POLYMARKET PAPER TRADING - PORTFOLIO SUMMARY
======================================================================
Phase: 1 - Survival (Conservative. Penny picking + high-conviction valu)
Cash:           $      0.93
Positions:               1

  Open Positions:
  🔴 Raptors vs. Jazz
     YES @ 0.869 → 0.815 | $1.48 (-6.2%) | PENNY_PICK

Equity:         $      2.41
Unrealized P&L: $     -0.10
Realized P&L:   $    -27.49
Total P&L:      $    -27.59
Return:             -92.0%
Fees Paid:      $      0.00
Win Rate:       3/17 (18%)
Max Drawdown:        91.6%
Peak Equity:    $     30.00
======================================================================
[DASHBOARD] Exported to /home/runner/work/poly/poly/polymarket_trader/dashboard_data.json
[DASHBOARD] Equity: $2.41 | Return: -92.0%
