[CHECK] All 3 positions stable.

======================================================================
POLYMARKET SCANNER - 2026-03-23 14:05 UTC
======================================================================

Phase 1: Survival | Equity: $8.22 | Cash: $1.21
Open positions: 3/6

Fetching active markets...
Found 202 tradeable markets
Categories: {'other': 67, 'sports': 47, 'geopolitics': 35, 'crypto': 22, 'politics': 19, 'esports': 8, 'finance': 2, 'entertainment': 2}
[STOP LOSS] Triggered for 1607684
[TRADE] CLOSE NO | Will the price of Bitcoin be above $72,000 on March 23?
        Entry: 0.909 → Exit: 0.265
        P&L: $-0.90 (-70.9%) | Reason: stop_loss
        Cash: $1.58

Running strategies...
Raw signals found: 49
Actionable signals: 4

──────────────────────────────────────────────────────────────────────
TOP SIGNALS:
──────────────────────────────────────────────────────────────────────

  #1 [PENNY_PICK] Will the price of Bitcoin be above $74,000 on March 24?
      NO @ 0.871 | Edge: 7.8% | Conf: 68% | Score: 0.0672
      Category: crypto | Liq: $27,153 | Vol24h: $53,949
      Suggested size: $1.13
      Near-resolved NO at 0.871. Est. edge 7.8% (gap: 12.9%). 0.4d left.

  #2 [CALENDAR] US forces enter Iran by March 31?
      NO @ 0.875 | Edge: 8.8% | Conf: 68% | Score: 0.0591
      Category: geopolitics | Liq: $197,094 | Vol24h: $1,440,698
      Suggested size: $1.13
      Time decay play. YES at 0.125 with 7d left. Collect ~12.5¢ if nothing happens.

  #3 [PENNY_PICK] Will Elon Musk post 420-439 tweets from March 17 to March 24
      NO @ 0.897 | Edge: 6.2% | Conf: 73% | Score: 0.0566
      Category: other | Liq: $25,802 | Vol24h: $138,123
      Suggested size: $1.13
      Near-resolved NO at 0.897. Est. edge 6.2% (gap: 10.3%). 0.4d left.

  #4 [PENNY_PICK] Will the price of Bitcoin be above $70,000 on March 23?
      YES @ 0.910 | Edge: 5.4% | Conf: 74% | Score: 0.0522
      Category: crypto | Liq: $31,563 | Vol24h: $380,597
      Suggested size: $1.13
      Near-resolved YES at 0.910. Est. edge 5.4% (gap: 9.0%). 0.1d left.

──────────────────────────────────────────────────────────────────────
EXECUTING TRADES:
──────────────────────────────────────────────────────────────────────
[TRADE] OPEN NO | Will the price of Bitcoin be above $74,000 on March 24?
        Price: 0.875 | Shares: 1.3 | Cost: $1.13
        Strategy: PENNY_PICK | Edge: 7.8% | Cash left: $0.45

  [SKIP] Insufficient cash for US forces enter Iran by March 31?

  [SKIP] Insufficient cash for Will Elon Musk post 420-439 tweets from 

  [SKIP] Insufficient cash for Will the price of Bitcoin be above $70,0
======================================================================
POLYMARKET PAPER TRADING - PORTFOLIO SUMMARY
======================================================================
Phase: 1 - Survival (Conservative. Penny picking + high-conviction valu)
Cash:           $      0.45
Positions:               3

  Open Positions:
  🔴 Thunder vs. 76ers
     YES @ 0.910 → 0.895 | $4.43 (-1.6%) | PENNY_PICK
  🔴 Raptors vs. Jazz
     YES @ 0.869 → 0.855 | $1.55 (-1.6%) | PENNY_PICK
  🟢 Will the price of Bitcoin be above $74,000 on Marc
     NO @ 0.875 → 0.875 | $1.13 (+0.0%) | PENNY_PICK

Equity:         $      7.57
Unrealized P&L: $     -0.10
Realized P&L:   $    -22.34
Total P&L:      $    -22.43
Return:             -74.8%
Fees Paid:      $      0.00
Win Rate:       2/10 (20%)
Max Drawdown:        73.5%
Peak Equity:    $     30.00
======================================================================
[DASHBOARD] Exported to /home/runner/work/poly/poly/polymarket_trader/dashboard_data.json
[DASHBOARD] Equity: $7.57 | Return: -74.8%
