[CHECK] No open positions.

======================================================================
POLYMARKET SCANNER - 2026-04-19 07:08 UTC
======================================================================

Phase 1: Survival | Equity: $2.74 | Cash: $2.74
Open positions: 0/6

Fetching active markets...
Found 170 tradeable markets
Categories: {'sports': 53, 'other': 40, 'geopolitics': 39, 'politics': 19, 'esports': 10, 'crypto': 9}

Running strategies...
Raw signals found: 36
Actionable signals: 0
======================================================================
POLYMARKET PAPER TRADING - PORTFOLIO SUMMARY
======================================================================
Phase: 1 - Survival (Conservative. Penny picking + high-conviction valu)
Cash:           $      2.74
Positions:               0

Equity:         $      2.74
Unrealized P&L: $     +0.00
Realized P&L:   $    -27.26
Total P&L:      $    -27.26
Return:             -90.9%
Fees Paid:      $      0.01
Win Rate:       4/18 (22%)
Max Drawdown:        91.6%
Peak Equity:    $     30.00
======================================================================
[DASHBOARD] Exported to /home/runner/work/poly/poly/polymarket_trader/dashboard_data.json
[DASHBOARD] Equity: $2.74 | Return: -90.9%
