[CHECK] Bitcoin Up or Down - March 23, 7:30AM-7:35AM ET — not in active list, checking API directly...
  → CONFIRMED WIN: YES won!
[TRADE] CLOSE YES | Bitcoin Up or Down - March 23, 7:30AM-7:35AM ET
        Entry: 0.869 → Exit: 1.000
        P&L: $+0.21 (+14.7%) | Reason: resolved_win
        Cash: $2.18

[CHECK] Actions taken: 1
  → resolved_win: 1681592

======================================================================
POLYMARKET SCANNER - 2026-03-23 12:35 UTC
======================================================================

Phase 1: Survival | Equity: $9.47 | Cash: $2.18
Open positions: 3/6

Fetching active markets...
Found 208 tradeable markets
Categories: {'other': 72, 'sports': 42, 'geopolitics': 35, 'crypto': 26, 'politics': 21, 'esports': 8, 'finance': 2, 'entertainment': 2}
[STOP LOSS] Triggered for 1542957
[TRADE] CLOSE NO | Will Elon Musk post 360-379 tweets from March 17 to March 24
        Entry: 0.869 → Exit: 0.189
        P&L: $-1.10 (-78.3%) | Reason: stop_loss
        Cash: $2.48

Running strategies...
Raw signals found: 55
Actionable signals: 4

──────────────────────────────────────────────────────────────────────
TOP SIGNALS:
──────────────────────────────────────────────────────────────────────

  #1 [PENNY_PICK] Will the price of Bitcoin be above $72,000 on March 23?
      NO @ 0.904 | Edge: 5.7% | Conf: 79% | Score: 0.0649
      Category: crypto | Liq: $42,899 | Vol24h: $479,830
      Suggested size: $1.27
      Near-resolved NO at 0.904. Est. edge 5.7% (gap: 9.6%). 0.1d left.

  #2 [CALENDAR] US forces enter Iran by March 31?
      NO @ 0.855 | Edge: 10.1% | Conf: 62% | Score: 0.0624
      Category: geopolitics | Liq: $223,323 | Vol24h: $1,024,896
      Suggested size: $1.27
      Time decay play. YES at 0.145 with 7d left. Collect ~14.5¢ if nothing happens.

  #3 [PENNY_PICK] Will Elon Musk post 420-439 tweets from March 17 to March 24
      NO @ 0.894 | Edge: 6.4% | Conf: 70% | Score: 0.0556
      Category: other | Liq: $25,291 | Vol24h: $136,816
      Suggested size: $1.27
      Near-resolved NO at 0.894. Est. edge 6.4% (gap: 10.6%). 0.5d left.

  #4 [PENNY_PICK] Will Lê Minh Hưng be the next Prime Minister of Vietnam?
      YES @ 0.913 | Edge: 5.2% | Conf: 65% | Score: 0.0550
      Category: other | Liq: $62,882 | Vol24h: $52,143
      Suggested size: $1.27
      Near-resolved YES at 0.913. Est. edge 5.2% (gap: 8.7%). 0.1d left.

──────────────────────────────────────────────────────────────────────
EXECUTING TRADES:
──────────────────────────────────────────────────────────────────────
[TRADE] OPEN NO | Will the price of Bitcoin be above $72,000 on March 23?
        Price: 0.909 | Shares: 1.4 | Cost: $1.27
        Strategy: PENNY_PICK | Edge: 5.7% | Cash left: $1.21

  [SKIP] Insufficient cash for US forces enter Iran by March 31?

  [SKIP] Insufficient cash for Will Elon Musk post 420-439 tweets from 

  [SKIP] Insufficient cash for Will Lê Minh Hưng be the next Prime Mini
======================================================================
POLYMARKET PAPER TRADING - PORTFOLIO SUMMARY
======================================================================
Phase: 1 - Survival (Conservative. Penny picking + high-conviction valu)
Cash:           $      1.21
Positions:               3

  Open Positions:
  🔴 Thunder vs. 76ers
     YES @ 0.910 → 0.895 | $4.43 (-1.6%) | PENNY_PICK
  🔴 Raptors vs. Jazz
     YES @ 0.869 → 0.855 | $1.55 (-1.6%) | PENNY_PICK
  🟢 Will the price of Bitcoin be above $72,000 on Marc
     NO @ 0.909 → 0.909 | $1.27 (+0.0%) | PENNY_PICK

Equity:         $      8.47
Unrealized P&L: $     -0.10
Realized P&L:   $    -21.44
Total P&L:      $    -21.53
Return:             -71.8%
Fees Paid:      $      0.00
Win Rate:       2/9 (22%)
Max Drawdown:        70.8%
Peak Equity:    $     30.00
======================================================================
[DASHBOARD] Exported to /home/runner/work/poly/poly/polymarket_trader/dashboard_data.json
[DASHBOARD] Equity: $8.47 | Return: -71.8%
