[CHECK] No open positions.

======================================================================
POLYMARKET SCANNER - 2026-05-03 15:08 UTC
======================================================================

Phase 1: Survival | Equity: $2.74 | Cash: $2.74
Open positions: 0/6

Fetching active markets...
Found 188 tradeable markets
Categories: {'other': 62, 'sports': 61, 'geopolitics': 26, 'politics': 20, 'esports': 8, 'crypto': 8, 'entertainment': 3}

Running strategies...
Raw signals found: 40
Actionable signals: 0
======================================================================
POLYMARKET PAPER TRADING - PORTFOLIO SUMMARY
======================================================================
Phase: 1 - Survival (Conservative. Penny picking + high-conviction valu)
Cash:           $      2.74
Positions:               0

Equity:         $      2.74
Unrealized P&L: $     +0.00
Realized P&L:   $    -27.26
Total P&L:      $    -27.26
Return:             -90.9%
Fees Paid:      $      0.01
Win Rate:       4/18 (22%)
Max Drawdown:        91.6%
Peak Equity:    $     30.00
======================================================================
[DASHBOARD] Exported to /home/runner/work/poly/poly/polymarket_trader/dashboard_data.json
[DASHBOARD] Equity: $2.74 | Return: -90.9%
